app/build/intermediates/manifest_merge_blame_file/debug/manifest-merger-blame-debug-report.txt
1<?xml version="1.0" encoding="utf-8"?>
2<manifest xmlns:android="http://schemas.android.com/apk/res/android"
3    xmlns:dist="http://schemas.android.com/apk/distribution"
4    package="com.google.android.instantapps.samples.install"
5    android:versionCode="1"
6    android:versionName="1.0" >
7
8    <uses-sdk
9        android:minSdkVersion="26"
9-->src/main/AndroidManifest.xml
10        android:targetSdkVersion="31" />
10-->src/main/AndroidManifest.xml
11
12    <uses-permission android:name="android.permission.NFC" />
12-->src/main/AndroidManifest.xml:6:5-62
12-->src/main/AndroidManifest.xml:6:22-59
13
14    <uses-feature
14-->src/main/AndroidManifest.xml:8:5-10:35
15        android:name="android.hardware.nfc"
15-->src/main/AndroidManifest.xml:9:9-44
16        android:required="true" />
16-->src/main/AndroidManifest.xml:10:9-32
17
18    <dist:module dist:instant="true" />
18-->src/main/AndroidManifest.xml:12:5-40
18-->src/main/AndroidManifest.xml:12:18-37
19
20    <application
20-->src/main/AndroidManifest.xml:14:5-63:19
21        android:allowBackup="true"
21-->src/main/AndroidManifest.xml:15:9-35
22        android:appComponentFactory="androidx.core.app.CoreComponentFactory"
22-->[androidx.core:core:1.8.0-alpha04] AndroidManifest.xml:24:18-86
23        android:debuggable="true"
24        android:extractNativeLibs="false"
25        android:label="@string/app_name"
25-->src/main/AndroidManifest.xml:16:9-41
26        android:supportsRtl="true"
26-->src/main/AndroidManifest.xml:17:9-35
27        android:testOnly="true" >
28        <activity
28-->src/main/AndroidManifest.xml:18:9-22:75
29            android:name="com.google.android.instantapps.samples.install.NfcScannerActivity"
29-->src/main/AndroidManifest.xml:19:13-47
30            android:exported="false"
30-->src/main/AndroidManifest.xml:20:13-37
31            android:label="@string/title_activity_nfc_scanner"
31-->src/main/AndroidManifest.xml:21:13-63
32            android:theme="@style/Theme.AppCompat.DayNight.NoActionBar" />
32-->src/main/AndroidManifest.xml:22:13-72
33        <activity
33-->src/main/AndroidManifest.xml:23:9-62:20
34            android:name="com.google.android.instantapps.samples.install.InstallApiActivity"
34-->src/main/AndroidManifest.xml:24:13-47
35            android:exported="true"
35-->src/main/AndroidManifest.xml:25:13-36
36            android:label="@string/title_activity_store"
36-->src/main/AndroidManifest.xml:26:13-57
37            android:theme="@style/AppTheme" >
37-->src/main/AndroidManifest.xml:27:13-44
38            <intent-filter android:label="@string/app_name" >
38-->src/main/AndroidManifest.xml:28:13-33:29
38-->src/main/AndroidManifest.xml:28:28-60
39                <action android:name="android.intent.action.MAIN" />
39-->src/main/AndroidManifest.xml:29:17-69
39-->src/main/AndroidManifest.xml:29:25-66
40                <action android:name="android.nfc.action.TECH_DISCOVERED" />
40-->src/main/AndroidManifest.xml:30:17-77
40-->src/main/AndroidManifest.xml:30:25-74
41
42                <category android:name="android.intent.category.LAUNCHER" />
42-->src/main/AndroidManifest.xml:32:17-77
42-->src/main/AndroidManifest.xml:32:27-74
43            </intent-filter>
44
45            <meta-data
45-->src/main/AndroidManifest.xml:35:13-37:76
46                android:name="default-url"
46-->src/main/AndroidManifest.xml:36:17-43
47                android:value="https://install-api.instantappsample.com" />
47-->src/main/AndroidManifest.xml:37:17-73
48
49            <!-- <meta-data android:name="android.nfc.action.TECH_DISCOVERED" -->
50            <!-- android:resource="@xml/techlist" /> -->
51
52            <intent-filter android:order="2" >
52-->src/main/AndroidManifest.xml:42:13-51:29
52-->src/main/AndroidManifest.xml:42:28-45
53                <action android:name="android.intent.action.VIEW" />
53-->src/main/AndroidManifest.xml:43:17-69
53-->src/main/AndroidManifest.xml:43:25-66
54
55                <category android:name="android.intent.category.DEFAULT" />
55-->src/main/AndroidManifest.xml:45:17-76
55-->src/main/AndroidManifest.xml:45:27-73
56                <category android:name="android.intent.category.BROWSABLE" />
56-->src/main/AndroidManifest.xml:46:17-78
56-->src/main/AndroidManifest.xml:46:27-75
57
58                <data
58-->src/main/AndroidManifest.xml:48:17-50:46
59                    android:host="install-api.instantappsample.com"
59-->src/main/AndroidManifest.xml:49:21-68
60                    android:scheme="https" />
60-->src/main/AndroidManifest.xml:50:21-43
61            </intent-filter>
62            <intent-filter android:order="2" >
62-->src/main/AndroidManifest.xml:52:13-61:29
62-->src/main/AndroidManifest.xml:52:28-45
63                <action android:name="android.intent.action.VIEW" />
63-->src/main/AndroidManifest.xml:43:17-69
63-->src/main/AndroidManifest.xml:43:25-66
64
65                <category android:name="android.intent.category.DEFAULT" />
65-->src/main/AndroidManifest.xml:45:17-76
65-->src/main/AndroidManifest.xml:45:27-73
66                <category android:name="android.intent.category.BROWSABLE" />
66-->src/main/AndroidManifest.xml:46:17-78
66-->src/main/AndroidManifest.xml:46:27-75
67
68                <data
68-->src/main/AndroidManifest.xml:48:17-50:46
69                    android:host="install-api.instantappsample.com"
69-->src/main/AndroidManifest.xml:49:21-68
70                    android:scheme="http" />
70-->src/main/AndroidManifest.xml:50:21-43
71            </intent-filter>
72        </activity>
73
74        <uses-library
74-->[androidx.window:window:1.0.0] AndroidManifest.xml:25:9-27:40
75            android:name="androidx.window.extensions"
75-->[androidx.window:window:1.0.0] AndroidManifest.xml:26:13-54
76            android:required="false" />
76-->[androidx.window:window:1.0.0] AndroidManifest.xml:27:13-37
77        <uses-library
77-->[androidx.window:window:1.0.0] AndroidManifest.xml:28:9-30:40
78            android:name="androidx.window.sidecar"
78-->[androidx.window:window:1.0.0] AndroidManifest.xml:29:13-51
79            android:required="false" />
79-->[androidx.window:window:1.0.0] AndroidManifest.xml:30:13-37
80
81        <activity
81-->[com.google.android.gms:play-services-base:18.0.1] AndroidManifest.xml:20:9-22:45
82            android:name="com.google.android.gms.common.api.GoogleApiActivity"
82-->[com.google.android.gms:play-services-base:18.0.1] AndroidManifest.xml:20:19-85
83            android:exported="false"
83-->[com.google.android.gms:play-services-base:18.0.1] AndroidManifest.xml:22:19-43
84            android:theme="@android:style/Theme.Translucent.NoTitleBar" />
84-->[com.google.android.gms:play-services-base:18.0.1] AndroidManifest.xml:21:19-78
85
86        <meta-data
86-->[com.google.android.gms:play-services-basement:18.0.0] AndroidManifest.xml:21:9-23:69
87            android:name="com.google.android.gms.version"
87-->[com.google.android.gms:play-services-basement:18.0.0] AndroidManifest.xml:22:13-58
88            android:value="@integer/google_play_services_version" />
88-->[com.google.android.gms:play-services-basement:18.0.0] AndroidManifest.xml:23:13-66
89
90        <provider
90-->[androidx.emoji2:emoji2:1.0.0] AndroidManifest.xml:26:9-34:20
91            android:name="androidx.startup.InitializationProvider"
91-->[androidx.emoji2:emoji2:1.0.0] AndroidManifest.xml:27:13-67
92            android:authorities="com.google.android.instantapps.samples.install.androidx-startup"
92-->[androidx.emoji2:emoji2:1.0.0] AndroidManifest.xml:28:13-68
93            android:exported="false" >
93-->[androidx.emoji2:emoji2:1.0.0] AndroidManifest.xml:29:13-37
94            <meta-data
94-->[androidx.emoji2:emoji2:1.0.0] AndroidManifest.xml:31:13-33:52
95                android:name="androidx.emoji2.text.EmojiCompatInitializer"
95-->[androidx.emoji2:emoji2:1.0.0] AndroidManifest.xml:32:17-75
96                android:value="androidx.startup" />
96-->[androidx.emoji2:emoji2:1.0.0] AndroidManifest.xml:33:17-49
97            <meta-data
97-->[androidx.profileinstaller:profileinstaller:1.1.0] AndroidManifest.xml:31:13-33:52
98                android:name="androidx.profileinstaller.ProfileInstallerInitializer"
98-->[androidx.profileinstaller:profileinstaller:1.1.0] AndroidManifest.xml:32:17-85
99                android:value="androidx.startup" />
99-->[androidx.profileinstaller:profileinstaller:1.1.0] AndroidManifest.xml:33:17-49
100            <meta-data
100-->[androidx.lifecycle:lifecycle-process:2.4.0] AndroidManifest.xml:31:13-33:52
101                android:name="androidx.lifecycle.ProcessLifecycleInitializer"
101-->[androidx.lifecycle:lifecycle-process:2.4.0] AndroidManifest.xml:32:17-78
102                android:value="androidx.startup" />
102-->[androidx.lifecycle:lifecycle-process:2.4.0] AndroidManifest.xml:33:17-49
103        </provider>
104
105        <receiver
105-->[androidx.profileinstaller:profileinstaller:1.1.0] AndroidManifest.xml:36:9-45:20
106            android:name="androidx.profileinstaller.ProfileInstallReceiver"
106-->[androidx.profileinstaller:profileinstaller:1.1.0] AndroidManifest.xml:37:13-76
107            android:directBootAware="false"
107-->[androidx.profileinstaller:profileinstaller:1.1.0] AndroidManifest.xml:38:13-44
108            android:enabled="true"
108-->[androidx.profileinstaller:profileinstaller:1.1.0] AndroidManifest.xml:39:13-35
109            android:exported="true"
109-->[androidx.profileinstaller:profileinstaller:1.1.0] AndroidManifest.xml:40:13-36
110            android:permission="android.permission.DUMP" >
110-->[androidx.profileinstaller:profileinstaller:1.1.0] AndroidManifest.xml:41:13-57
111            <intent-filter>
111-->[androidx.profileinstaller:profileinstaller:1.1.0] AndroidManifest.xml:42:13-44:29
112                <action android:name="androidx.profileinstaller.action.INSTALL_PROFILE" />
112-->[androidx.profileinstaller:profileinstaller:1.1.0] AndroidManifest.xml:43:17-91
112-->[androidx.profileinstaller:profileinstaller:1.1.0] AndroidManifest.xml:43:25-88
113            </intent-filter>
114        </receiver>
115    </application>
116
117</manifest>